Arguments: 
  C:\Program Files\nodejs\node.exe C:\Users\Matheus Silva\AppData\Roaming\npm\node_modules\yarn\bin\yarn.js add react-native-vector-icons

PATH: 
  C:\Python310\Scripts\;C:\Python310\;C:\Program Files\Common Files\Oracle\Java\javapath;C:\Windows\system32;C:\Windows;C:\Windows\System32\Wbem;C:\Windows\System32\WindowsPowerShell\v1.0\;C:\Windows\System32\OpenSSH\;C:\xampp\php;C:\ProgramData\ComposerSetup\bin;C:\ProgramData\chocolatey\bin;C:\Program Files\nodejs\;C:\Program Files\Git\cmd;C:\Users\Matheus Silva\AppData\Local\Microsoft\WindowsApps;C:\Users\Matheus Silva\AppData\Roaming\Composer\vendor\bin;C:\Users\Matheus Silva\AppData\Local\Programs\Microsoft VS Code\bin;C:\Users\Matheus Silva\AppData\Roaming\npm

Yarn version: 
  1.22.19

Node version: 
  16.17.0

Platform: 
  win32 x64

Trace: 
  SyntaxError: C:\React-native\app-Api\package.json: Unexpected token } in JSON at position 400
      at JSON.parse (<anonymous>)
      at C:\Users\Matheus Silva\AppData\Roaming\npm\node_modules\yarn\lib\cli.js:1629:59
      at Generator.next (<anonymous>)
      at step (C:\Users\Matheus Silva\AppData\Roaming\npm\node_modules\yarn\lib\cli.js:310:30)
      at C:\Users\Matheus Silva\AppData\Roaming\npm\node_modules\yarn\lib\cli.js:321:13

npm manifest: 
  {
    "name": "app-api",
    "version": "1.0.0",
    "main": "node_modules/expo/AppEntry.js",
    "scripts": {
      "start": "expo start",
      "android": "expo start --android",
      "ios": "expo start --ios",
      "web": "expo start --web"
    },
    "dependencies": {
      "expo": "~46.0.13",
      "expo-status-bar": "~1.4.0",
      "react": "18.0.0",
      "react-native": "0.69.6",
      "expo-constants": "~13.2.4",
    },
    "devDependencies": {
      "@babel/core": "^7.12.9"
    },
    "private": true
  }

yarn manifest: 
  No manifest

Lockfile: 
  No lockfile
